<?xml version="1.0" encoding="UTF-8"?>
<!-- Generated by org.testng.reporters.JUnitXMLReporter -->
<testsuite ignored="4" hostname="DESKTOP-U214GCV" failures="0" tests="4" name="Default test(failed)" time="2.911" errors="0" timestamp="2024-03-10T18:54:22 EASST">
  <testcase classname="ProjectEvaluation.EvProject.AppTest" name="launchBrowser" time="1.798"/>
  <testcase classname="ProjectEvaluation.EvProject.AppTest" name="signIn" time="0.18"/>
  <testcase classname="ProjectEvaluation.EvProject.AppTest" name="registerNow" time="0.185"/>
  <testcase classname="ProjectEvaluation.EvProject.AppTest" name="validateRegistration" time="0.205"/>
  <testcase classname="ProjectEvaluation.EvProject.AppTest" name="fillProfileInformation" time="0.0">
    <ignored/>
  </testcase> <!-- fillProfileInformation -->
  <testcase classname="ProjectEvaluation.EvProject.AppTest" name="fillAccountInformation" time="0.0">
    <ignored/>
  </testcase> <!-- fillAccountInformation -->
  <testcase classname="ProjectEvaluation.EvProject.AppTest" name="fillUserInformation" time="0.0">
    <ignored/>
  </testcase> <!-- fillUserInformation -->
  <testcase classname="ProjectEvaluation.EvProject.AppTest" name="takescreenshot" time="0.0">
    <ignored/>
  </testcase> <!-- takescreenshot -->
</testsuite> <!-- Default test(failed) -->
