<?xml version="1.0" encoding="UTF-8"?>
<!-- Generated by org.testng.reporters.JUnitXMLReporter -->
<testsuite ignored="0" hostname="DESKTOP-U214GCV" failures="0" tests="8" name="Default test" time="4.958" errors="0" timestamp="2024-02-07T17:30:56 EASST">
  <testcase classname="ProjectEvaluation.EvProject.AppTest" name="launchBrowser" time="2.386"/>
  <testcase classname="ProjectEvaluation.EvProject.AppTest" name="signIn" time="0.179"/>
  <testcase classname="ProjectEvaluation.EvProject.AppTest" name="registerNow" time="0.185"/>
  <testcase classname="ProjectEvaluation.EvProject.AppTest" name="fillUserInformation" time="0.608"/>
  <testcase classname="ProjectEvaluation.EvProject.AppTest" name="fillProfileInformation" time="0.066"/>
  <testcase classname="ProjectEvaluation.EvProject.AppTest" name="fillAccountInformation" time="0.468"/>
  <testcase classname="ProjectEvaluation.EvProject.AppTest" name="validateRegistration" time="0.27"/>
  <testcase classname="ProjectEvaluation.EvProject.AppTest" name="takescreenshot" time="0.257"/>
</testsuite> <!-- Default test -->
