<?xml version="1.0" encoding="UTF-8"?>
<!-- Generated by org.testng.reporters.JUnitXMLReporter -->
<testsuite ignored="0" hostname="DESKTOP-U214GCV" failures="0" tests="8" name="Default test" time="5.943" errors="0" timestamp="2024-03-09T01:08:11 EASST">
  <testcase classname="ProjectEvaluation.EvProject.AppTest" name="launchBrowser" time="3.246"/>
  <testcase classname="ProjectEvaluation.EvProject.AppTest" name="signIn" time="0.184"/>
  <testcase classname="ProjectEvaluation.EvProject.AppTest" name="registerNow" time="0.189"/>
  <testcase classname="ProjectEvaluation.EvProject.AppTest" name="fillUserInformation" time="0.644"/>
  <testcase classname="ProjectEvaluation.EvProject.AppTest" name="fillProfileInformation" time="0.066"/>
  <testcase classname="ProjectEvaluation.EvProject.AppTest" name="fillAccountInformation" time="0.462"/>
  <testcase classname="ProjectEvaluation.EvProject.AppTest" name="validateRegistration" time="0.271"/>
  <testcase classname="ProjectEvaluation.EvProject.AppTest" name="takescreenshot" time="0.247"/>
</testsuite> <!-- Default test -->
