<?xml version="1.0" encoding="UTF-8"?>
<!-- Generated by org.testng.reporters.JUnitXMLReporter -->
<testsuite ignored="2" hostname="DESKTOP-U214GCV" failures="0" tests="6" name="My Tests" time="4.457" errors="0" timestamp="2024-03-17T19:39:24 EASST">
  <testcase classname="ProjectEvaluation.EvProject.RegistrationTest" name="launchBrowser" time="2.127"/>
  <testcase classname="ProjectEvaluation.EvProject.RegistrationTest" name="signIn" time="0.193"/>
  <testcase classname="ProjectEvaluation.EvProject.RegistrationTest" name="registerNow" time="0.194"/>
  <testcase classname="ProjectEvaluation.EvProject.RegistrationTest" name="fillUserInformation" time="0.833"/>
  <testcase classname="ProjectEvaluation.EvProject.RegistrationTest" name="fillProfileInformation" time="0.102"/>
  <testcase classname="ProjectEvaluation.EvProject.RegistrationTest" name="validateRegistration" time="0.289"/>
  <testcase classname="ProjectEvaluation.EvProject.RegistrationTest" name="takescreenshot" time="0.0">
    <ignored/>
  </testcase> <!-- takescreenshot -->
  <testcase classname="ProjectEvaluation.EvProject.RegistrationTest" name="fillAccountInformation" time="0.0">
    <ignored/>
  </testcase> <!-- fillAccountInformation -->
</testsuite> <!-- My Tests -->
