<?xml version="1.0" encoding="UTF-8"?>
<!-- Generated by org.testng.reporters.JUnitXMLReporter -->
<testsuite ignored="3" hostname="DESKTOP-U214GCV" failures="0" tests="5" name="My Tests" time="5.876" errors="0" timestamp="2024-03-15T20:02:09 EASST">
  <testcase classname="ProjectEvaluation.EvProject.RegistrationTest" name="launchBrowser" time="3.808"/>
  <testcase classname="ProjectEvaluation.EvProject.RegistrationTest" name="signIn" time="0.186"/>
  <testcase classname="ProjectEvaluation.EvProject.RegistrationTest" name="registerNow" time="0.187"/>
  <testcase classname="ProjectEvaluation.EvProject.RegistrationTest" name="fillAccountInformation" time="0.78"/>
  <testcase classname="ProjectEvaluation.EvProject.RegistrationTest" name="validateRegistration" time="0.205"/>
  <testcase classname="ProjectEvaluation.EvProject.RegistrationTest" name="fillUserInformation" time="0.0">
    <ignored/>
  </testcase> <!-- fillUserInformation -->
  <testcase classname="ProjectEvaluation.EvProject.RegistrationTest" name="fillProfileInformation" time="0.0">
    <ignored/>
  </testcase> <!-- fillProfileInformation -->
  <testcase classname="ProjectEvaluation.EvProject.RegistrationTest" name="takescreenshot" time="0.0">
    <ignored/>
  </testcase> <!-- takescreenshot -->
</testsuite> <!-- My Tests -->
