<?xml version="1.0" encoding="UTF-8"?>
<testng-results ignored="3" total="8" passed="5" failed="0" skipped="0">
  <reporter-output>
  </reporter-output>
  <suite started-at="2024-03-15T20:02:03 EASST" name="My Suite" finished-at="2024-03-15T20:02:09 EASST" duration-ms="5876">
    <groups>
      <group name="Regression Test">
        <method signature="RegistrationTest.fillAccountInformation()[pri:6, instance:ProjectEvaluation.EvProject.RegistrationTest@8f4ea7c]" name="fillAccountInformation" class="ProjectEvaluation.EvProject.RegistrationTest"/>
        <method signature="RegistrationTest.launchBrowser()[pri:1, instance:ProjectEvaluation.EvProject.RegistrationTest@8f4ea7c]" name="launchBrowser" class="ProjectEvaluation.EvProject.RegistrationTest"/>
        <method signature="RegistrationTest.registerNow()[pri:3, instance:ProjectEvaluation.EvProject.RegistrationTest@8f4ea7c]" name="registerNow" class="ProjectEvaluation.EvProject.RegistrationTest"/>
        <method signature="RegistrationTest.signIn()[pri:2, instance:ProjectEvaluation.EvProject.RegistrationTest@8f4ea7c]" name="signIn" class="ProjectEvaluation.EvProject.RegistrationTest"/>
        <method signature="RegistrationTest.validateRegistration()[pri:7, instance:ProjectEvaluation.EvProject.RegistrationTest@8f4ea7c]" name="validateRegistration" class="ProjectEvaluation.EvProject.RegistrationTest"/>
      </group> <!-- Regression Test -->
      <group name="Smoke Test">
        <method signature="RegistrationTest.launchBrowser()[pri:1, instance:ProjectEvaluation.EvProject.RegistrationTest@8f4ea7c]" name="launchBrowser" class="ProjectEvaluation.EvProject.RegistrationTest"/>
        <method signature="RegistrationTest.registerNow()[pri:3, instance:ProjectEvaluation.EvProject.RegistrationTest@8f4ea7c]" name="registerNow" class="ProjectEvaluation.EvProject.RegistrationTest"/>
        <method signature="RegistrationTest.signIn()[pri:2, instance:ProjectEvaluation.EvProject.RegistrationTest@8f4ea7c]" name="signIn" class="ProjectEvaluation.EvProject.RegistrationTest"/>
        <method signature="RegistrationTest.validateRegistration()[pri:7, instance:ProjectEvaluation.EvProject.RegistrationTest@8f4ea7c]" name="validateRegistration" class="ProjectEvaluation.EvProject.RegistrationTest"/>
      </group> <!-- Smoke Test -->
      <group name="Function Test">
        <method signature="RegistrationTest.fillAccountInformation()[pri:6, instance:ProjectEvaluation.EvProject.RegistrationTest@8f4ea7c]" name="fillAccountInformation" class="ProjectEvaluation.EvProject.RegistrationTest"/>
        <method signature="RegistrationTest.launchBrowser()[pri:1, instance:ProjectEvaluation.EvProject.RegistrationTest@8f4ea7c]" name="launchBrowser" class="ProjectEvaluation.EvProject.RegistrationTest"/>
        <method signature="RegistrationTest.registerNow()[pri:3, instance:ProjectEvaluation.EvProject.RegistrationTest@8f4ea7c]" name="registerNow" class="ProjectEvaluation.EvProject.RegistrationTest"/>
        <method signature="RegistrationTest.signIn()[pri:2, instance:ProjectEvaluation.EvProject.RegistrationTest@8f4ea7c]" name="signIn" class="ProjectEvaluation.EvProject.RegistrationTest"/>
        <method signature="RegistrationTest.validateRegistration()[pri:7, instance:ProjectEvaluation.EvProject.RegistrationTest@8f4ea7c]" name="validateRegistration" class="ProjectEvaluation.EvProject.RegistrationTest"/>
      </group> <!-- Function Test -->
    </groups>
    <test started-at="2024-03-15T20:02:03 EASST" name="My Tests" finished-at="2024-03-15T20:02:09 EASST" duration-ms="5876">
      <class name="ProjectEvaluation.EvProject.RegistrationTest">
        <test-method is-config="true" signature="setUp()[pri:0, instance:ProjectEvaluation.EvProject.RegistrationTest@8f4ea7c]" started-at="2024-03-15T20:02:03 EASST" name="setUp" finished-at="2024-03-15T20:02:04 EASST" duration-ms="257" status="PASS">
          <reporter-output>
          </reporter-output>
        </test-method> <!-- setUp -->
        <test-method signature="launchBrowser()[pri:1, instance:ProjectEvaluation.EvProject.RegistrationTest@8f4ea7c]" started-at="2024-03-15T20:02:04 EASST" name="launchBrowser" finished-at="2024-03-15T20:02:07 EASST" duration-ms="3808" status="PASS">
          <reporter-output>
          </reporter-output>
        </test-method> <!-- launchBrowser -->
        <test-method signature="signIn()[pri:2, instance:ProjectEvaluation.EvProject.RegistrationTest@8f4ea7c]" started-at="2024-03-15T20:02:07 EASST" name="signIn" finished-at="2024-03-15T20:02:08 EASST" duration-ms="186" status="PASS">
          <reporter-output>
          </reporter-output>
        </test-method> <!-- signIn -->
        <test-method signature="registerNow()[pri:3, instance:ProjectEvaluation.EvProject.RegistrationTest@8f4ea7c]" started-at="2024-03-15T20:02:08 EASST" name="registerNow" finished-at="2024-03-15T20:02:08 EASST" duration-ms="187" status="PASS">
          <reporter-output>
          </reporter-output>
        </test-method> <!-- registerNow -->
        <test-method signature="fillAccountInformation()[pri:6, instance:ProjectEvaluation.EvProject.RegistrationTest@8f4ea7c]" started-at="2024-03-15T20:02:08 EASST" name="fillAccountInformation" finished-at="2024-03-15T20:02:09 EASST" duration-ms="780" status="PASS">
          <reporter-output>
          </reporter-output>
        </test-method> <!-- fillAccountInformation -->
        <test-method signature="validateRegistration()[pri:7, instance:ProjectEvaluation.EvProject.RegistrationTest@8f4ea7c]" started-at="2024-03-15T20:02:09 EASST" name="validateRegistration" finished-at="2024-03-15T20:02:09 EASST" duration-ms="205" status="PASS">
          <reporter-output>
          </reporter-output>
        </test-method> <!-- validateRegistration -->
        <test-method is-config="true" signature="tearDown()[pri:0, instance:ProjectEvaluation.EvProject.RegistrationTest@8f4ea7c]" started-at="2024-03-15T20:02:09 EASST" name="tearDown" finished-at="2024-03-15T20:02:09 EASST" duration-ms="410" status="PASS">
          <reporter-output>
          </reporter-output>
        </test-method> <!-- tearDown -->
      </class> <!-- ProjectEvaluation.EvProject.RegistrationTest -->
    </test> <!-- My Tests -->
  </suite> <!-- My Suite -->
</testng-results>
